
Circuit 1 cell sky130_fd_pr__res_xhigh_po_0p35 and Circuit 2 cell sky130_fd_pr__res_xhigh_po_0p35 are black boxes.
Equate elements:  no current cell.
Device classes sky130_fd_pr__res_xhigh_po_0p35 and sky130_fd_pr__res_xhigh_po_0p35 are equivalent.

Circuit 1 cell sky130_fd_pr__cap_mim_m3_1 and Circuit 2 cell sky130_fd_pr__cap_mim_m3_1 are black boxes.
Equate elements:  no current cell.
Device classes sky130_fd_pr__cap_mim_m3_1 and sky130_fd_pr__cap_mim_m3_1 are equivalent.

Class RC-LowPassFilter.spice (0):  Merged 4 series devices.
Class Xs_RC-lowPassfilter.spice (1):  Merged 4 series devices.
Subcircuit summary:
Circuit 1: RC-LowPassFilter.spice          |Circuit 2: Xs_RC-lowPassfilter.spice       
-------------------------------------------|-------------------------------------------
sky130_fd_pr__res_xhigh_po_0p35 (7->3)     |sky130_fd_pr__res_xhigh_po_0p35 (7->3)     
sky130_fd_pr__cap_mim_m3_1 (1)             |sky130_fd_pr__cap_mim_m3_1 (1)             
c (1)                                      |c (1)                                      
Number of devices: 5                       |Number of devices: 5                       
Number of nets: 7                          |Number of nets: 7                          
---------------------------------------------------------------------------------------
Resolving symmetries by property value.
Resolving symmetries by pin name.
Resolving symmetries by net name.
Netlists match with 2 symmetries with property errors.
sky130_fd_pr__res_xhigh_po_0p35:0 vs. sky130_fd_pr__res_xhigh_po_0p35:R4:
 l circuit1: 3.54   circuit2: 3.62   (delta=2.23%, cutoff=1%)
sky130_fd_pr__res_xhigh_po_0p35:3 vs. sky130_fd_pr__res_xhigh_po_0p35:RDummy:
 l circuit1: 3.54   circuit2: 3.62   (delta=2.23%, cutoff=1%)
sky130_fd_pr__res_xhigh_po_0p35:2 vs. sky130_fd_pr__res_xhigh_po_0p35:RDummy1:
 l circuit1: 3.54   circuit2: 3.62   (delta=2.23%, cutoff=1%)
Cells have no pins;  pin matching not needed.
Device classes RC-LowPassFilter.spice and Xs_RC-lowPassfilter.spice are equivalent.

Final result: Circuits match uniquely.
Property errors were found.

The following cells had property errors:
 RC-LowPassFilter.spice
