
Circuit 1 cell sky130_fd_pr__pfet_01v8 and Circuit 2 cell sky130_fd_pr__pfet_01v8 are black boxes.
Equate elements:  no current cell.
Device classes sky130_fd_pr__pfet_01v8 and sky130_fd_pr__pfet_01v8 are equivalent.

Circuit 1 cell sky130_fd_pr__nfet_01v8 and Circuit 2 cell sky130_fd_pr__nfet_01v8 are black boxes.
Equate elements:  no current cell.
Device classes sky130_fd_pr__nfet_01v8 and sky130_fd_pr__nfet_01v8 are equivalent.

Subcircuit summary:
Circuit 1: SRamTop.spice                   |Circuit 2: Xs_SRamTop.spice                
-------------------------------------------|-------------------------------------------
sky130_fd_pr__pfet_01v8 (2)                |sky130_fd_pr__pfet_01v8 (2)                
sky130_fd_pr__nfet_01v8 (4)                |sky130_fd_pr__nfet_01v8 (4)                
Number of devices: 6                       |Number of devices: 6                       
Number of nets: 9 **Mismatch**             |Number of nets: 7 **Mismatch**             
---------------------------------------------------------------------------------------
NET mismatches: Class fragments follow (with fanout counts):
Circuit 1: SRamTop.spice                   |Circuit 2: Xs_SRamTop.spice                

---------------------------------------------------------------------------------------
Net: inverter_1/inv_in                     |Net: net1                                  
  sky130_fd_pr__pfet_01v8/(1|3) = 1        |  sky130_fd_pr__nfet_01v8/(1|3) = 2        
  sky130_fd_pr__nfet_01v8/(1|3) = 2        |  sky130_fd_pr__pfet_01v8/(1|3) = 1        
                                           |  sky130_fd_pr__nfet_01v8/2 = 1            
                                           |  sky130_fd_pr__pfet_01v8/2 = 1            
                                           |                                           
Net: inverter_0/inv_in                     |Net: net2                                  
  sky130_fd_pr__pfet_01v8/(1|3) = 1        |  sky130_fd_pr__nfet_01v8/2 = 1            
  sky130_fd_pr__nfet_01v8/(1|3) = 2        |  sky130_fd_pr__pfet_01v8/2 = 1            
                                           |  sky130_fd_pr__nfet_01v8/(1|3) = 2        
                                           |  sky130_fd_pr__pfet_01v8/(1|3) = 1        
                                           |                                           
Net: inverter_0/a_916_238#                 |(no matching net)                          
  sky130_fd_pr__pfet_01v8/2 = 1            |                                           
  sky130_fd_pr__nfet_01v8/2 = 1            |                                           
                                           |                                           
Net: inverter_1/a_916_238#                 |(no matching net)                          
  sky130_fd_pr__pfet_01v8/2 = 1            |                                           
  sky130_fd_pr__nfet_01v8/2 = 1            |                                           
---------------------------------------------------------------------------------------
Netlists do not match.
Port matching may fail to disambiguate symmetries.
Cells have no pins;  pin matching not needed.
Device classes SRamTop.spice and Xs_SRamTop.spice are equivalent.

Final result: Netlists do not match.
Port matching may fail to disambiguate symmetries.
